<?xml version="1.0" encoding="UTF-8"?>
<!-- Generated by org.testng.reporters.JUnitReportReporter -->
<testsuite hostname="HBanna" failures="0" tests="1" name="apiRA.TC_003_GET_Request" time="2.087" errors="0" timestamp="2022-02-08T12:20:50 EST" skipped="0">
  <testcase classname="apiRA.TC_003_GET_Request" name="getGoogleMAP" time="2.087"/>
  <system-out/>
</testsuite> <!-- apiRA.TC_003_GET_Request -->
