<?xml version="1.0" encoding="UTF-8"?>
<!-- Generated by org.testng.reporters.JUnitReportReporter -->
<testsuite hostname="DESKTOP-S9JKMAO" failures="0" tests="1" name="apiRA.TC_004_Get_Request" time="1.141" errors="0" timestamp="2021-08-31T22:56:00 EDT" skipped="0">
  <testcase classname="apiRA.TC_004_Get_Request" name="getHeadersandPrintall" time="1.141"/>
  <system-out/>
</testsuite> <!-- apiRA.TC_004_Get_Request -->
