<?xml version="1.0" encoding="UTF-8"?>
<!-- Generated by org.testng.reporters.JUnitReportReporter -->
<testsuite hostname="HBanna" failures="0" tests="1" name="apiRA.TC_001_GET_Request" time="3.690" errors="0" timestamp="2022-02-08T12:19:08 EST" skipped="0">
  <testcase classname="apiRA.TC_001_GET_Request" name="getUsersDetails" time="3.690"/>
  <system-out/>
</testsuite> <!-- apiRA.TC_001_GET_Request -->
