<?xml version="1.0" encoding="UTF-8"?>
<!-- Generated by org.testng.reporters.JUnitReportReporter -->
<testsuite hostname="DESKTOP-S9JKMAO" failures="0" tests="1" name="apiRA.TC_002_POST_Request" time="1.384" errors="0" timestamp="2021-08-31T11:06:35 EDT" skipped="0">
  <testcase classname="apiRA.TC_002_POST_Request" name="postRequest" time="1.384"/>
  <system-out/>
</testsuite> <!-- apiRA.TC_002_POST_Request -->
